<?xml version="1.0" encoding="UTF-8"?>
<!-- Generated by org.testng.reporters.JUnitReportReporter -->
<testsuite skipped="0" hostname="PMANALA" name="com.testng.jenkins.HelloWorld" tests="1" failures="0" timestamp="22 Feb 2019 06:53:04 GMT" time="0.031" errors="0">
  <testcase name="test1" time="0.031" classname="com.testng.jenkins.HelloWorld"/>
</testsuite> <!-- com.testng.jenkins.HelloWorld -->
